
> @agentkern/gateway@0.1.0 start
> nest start

[96msrc/controllers/gate.controller.ts[0m:[93m28[0m:[93m44[0m - [91merror[0m[90m TS2345: [0mArgument of type 'RegisterPolicyDto' is not assignable to parameter of type 'Policy'.
  Types of property 'enabled' are incompatible.
    Type 'boolean | undefined' is not assignable to type 'boolean'.
      Type 'undefined' is not assignable to type 'boolean'.

[7m28[0m     return this.gateService.registerPolicy(dto);
[7m  [0m [91m                                           ~~~[0m
[96msrc/controllers/nexus-stream.controller.ts[0m:[93m18[0m:[93m26[0m - [91merror[0m[90m TS2307: [0mCannot find module 'express' or its corresponding type declarations.

[7m18[0m import { Response } from 'express';
[7m  [0m [91m                         ~~~~~~~~~[0m
[96msrc/dto/nexus.dto.ts[0m:[93m7[0m:[93m70[0m - [91merror[0m[90m TS2307: [0mCannot find module 'class-validator' or its corresponding type declarations.

[7m7[0m import { IsString, IsOptional, IsArray, IsUrl, IsObject, IsIn } from 'class-validator';
[7m [0m [91m                                                                     ~~~~~~~~~~~~~~~~~[0m

Found 3 error(s).

npm error Lifecycle script `start` failed with error:
npm error code 1
npm error path /home/daretechie/DevProject/GitHub/agentkern/apps/gateway
npm error workspace @agentkern/gateway@0.1.0
npm error location /home/daretechie/DevProject/GitHub/agentkern/apps/gateway
npm error command failed
npm error command sh -c nest start
